HCIWEB.exe: 00000CA8: 08:28:02 []:>--------------------------------------------------------------<
HCIWEB.exe: 00000CA8: 08:28:02 [TUniServerModule]:Server First Init.
HCIWEB.exe: 00000CA8: 08:28:02 [TUniServerModule]:Global Cache Folder Erased. <9> Files deleted.
HCIWEB.exe: 00000CA8: 08:28:02 [TUniServerModule]:Starting HTTP Server on Port: 8077...
HCIWEB.exe: 00000CA8: 08:28:02 [TUniServerModule]:HTTP Server Started on Port: 8077
HCIWEB.exe: 00002898: 08:29:29 [127.0.0.1]:EUniSessionException : Sessão finalizada : Addr: $000000000095C5DA
HCIWEB.exe: 00003920: 08:34:53 []:>--------------------------------------------------------------<
HCIWEB.exe: 00003920: 08:34:53 [TUniServerModule]:Server First Init.
HCIWEB.exe: 00003920: 08:34:53 [TUniServerModule]:Global Cache Folder Erased. <6> Files deleted.
HCIWEB.exe: 00003920: 08:34:53 [TUniServerModule]:Starting HTTP Server on Port: 8077...
HCIWEB.exe: 00003920: 08:34:53 [TUniServerModule]:HTTP Server Started on Port: 8077
HCIWEB.exe: 000023D8: 10:23:06 []:>--------------------------------------------------------------<
HCIWEB.exe: 000023D8: 10:23:06 [TUniServerModule]:Server First Init.
HCIWEB.exe: 000023D8: 10:23:06 [TUniServerModule]:Global Cache Folder Erased. <1> Files deleted.
HCIWEB.exe: 000023D8: 10:23:06 [TUniServerModule]:Starting HTTP Server on Port: 8077...
HCIWEB.exe: 000023D8: 10:23:06 [TUniServerModule]:HTTP Server Started on Port: 8077
HCIWEB.exe: 0000332C: 16:39:13 [127.0.0.1]:EUniSessionException : Sessão finalizada : Addr: $000000000095C5DA
HCIWEB.exe: 00003384: 16:39:34 []:>--------------------------------------------------------------<
HCIWEB.exe: 00003384: 16:39:34 [TUniServerModule]:Server First Init.
HCIWEB.exe: 00003384: 16:39:34 [TUniServerModule]:Global Cache Folder Erased. <1> Files deleted.
HCIWEB.exe: 00003384: 16:39:34 [TUniServerModule]:Starting HTTP Server on Port: 8077...
HCIWEB.exe: 00003384: 16:39:34 [TUniServerModule]:HTTP Server Started on Port: 8077
