HCIWEB.exe: 000023C8: 05:15:53 []:>--------------------------------------------------------------<
HCIWEB.exe: 000023C8: 05:15:53 [TUniServerModule]:Server First Init.
HCIWEB.exe: 000023C8: 05:15:53 [TUniServerModule]:Global Cache Folder Erased. <19> Files deleted.
HCIWEB.exe: 000023C8: 05:15:54 [TUniServerModule]:Starting HTTP Server on Port: 8077...
HCIWEB.exe: 000023C8: 05:15:54 [TUniServerModule]:HTTP Server Started on Port: 8077
HCIWEB.exe: 00001CF4: 05:16:07 []:>--------------------------------------------------------------<
HCIWEB.exe: 00001CF4: 05:16:07 [TUniServerModule]:Server First Init.
HCIWEB.exe: 00001CF4: 05:16:07 [TUniServerModule]:Global Cache Folder Erased. <1> Files deleted.
HCIWEB.exe: 00001CF4: 05:16:07 [TUniServerModule]:Starting HTTP Server on Port: 8077...
HCIWEB.exe: 00001CF4: 05:16:07 [InitWebServer]:EIdCouldNotBindSocket : Could not bind socket. Address and port are already in use. : Addr: $000000000086A717
HCIWEB.exe: 000023C8: 05:16:13 [TUniServerModule]:Shutting Down Server.
HCIWEB.exe: 000023C8: 05:16:13 [TUniServerModule]:Stopping HTTP Server.
HCIWEB.exe: 000023C8: 05:16:13 [TUniServerModule]:HTTP Server Stopped.
HCIWEB.exe: 000023C8: 05:16:13 [TUniGUISessionManager]:Terminating Session manager.
HCIWEB.exe: 000023C8: 05:16:13 [TUniGUISessionManager]:Stopping Cache Eraser...
HCIWEB.exe: 000023C8: 05:16:13 [TUniGUISessionManager]:Cache Eraser Stopped.
HCIWEB.exe: 000023C8: 05:16:13 [TUniGUISessionManager]:Destroying Worker Threads.
HCIWEB.exe: 000023C8: 05:16:13 [TUniGUISessionManager]:Session manager terminated.
HCIWEB.exe: 000023C8: 05:16:13 [TUniServerModule]:Server Shutdown Completed.
HCIWEB.exe: 000023C8: 05:16:13 []:<-------------------------------------------------------------->
HCIWEB.exe: 000023C8: 05:16:13 [Terminated]:Exit Code: 0
HCIWEB.exe: 00001CF4: 05:16:18 [TUniServerModule]:Shutting Down Server.
HCIWEB.exe: 00001CF4: 05:16:18 [TUniServerModule]:Stopping HTTP Server.
HCIWEB.exe: 00001CF4: 05:16:19 [TUniServerModule]:HTTP Server Stopped.
HCIWEB.exe: 00001CF4: 05:16:19 [TUniGUISessionManager]:Terminating Session manager.
HCIWEB.exe: 00001CF4: 05:16:19 [TUniGUISessionManager]:Stopping Cache Eraser...
HCIWEB.exe: 00001CF4: 05:16:19 [TUniGUISessionManager]:Cache Eraser Stopped.
HCIWEB.exe: 00001CF4: 05:16:19 [TUniGUISessionManager]:Destroying Worker Threads.
HCIWEB.exe: 00001CF4: 05:16:19 [TUniGUISessionManager]:Session manager terminated.
HCIWEB.exe: 00001CF4: 05:16:19 [TUniServerModule]:Server Shutdown Completed.
HCIWEB.exe: 00001CF4: 05:16:19 []:<-------------------------------------------------------------->
HCIWEB.exe: 00001CF4: 05:16:19 [Terminated]:Exit Code: 0
HCIWEB.exe: 000019A8: 05:16:25 []:>--------------------------------------------------------------<
HCIWEB.exe: 000019A8: 05:16:25 [TUniServerModule]:Server First Init.
HCIWEB.exe: 000019A8: 05:16:25 [TUniServerModule]:Starting HTTP Server on Port: 8077...
HCIWEB.exe: 000019A8: 05:16:25 [TUniServerModule]:HTTP Server Started on Port: 8077
HCIWEB.exe: 000009A0: 05:40:27 []:>--------------------------------------------------------------<
HCIWEB.exe: 000009A0: 05:40:27 [TUniServerModule]:Server First Init.
HCIWEB.exe: 000009A0: 05:40:27 [TUniServerModule]:Global Cache Folder Erased. <20> Files deleted.
HCIWEB.exe: 000009A0: 05:40:28 [TUniServerModule]:Starting HTTP Server on Port: 8077...
HCIWEB.exe: 000009A0: 05:40:28 [TUniServerModule]:HTTP Server Started on Port: 8077
HCIWEB.exe: 00001488: 05:46:04 []:>--------------------------------------------------------------<
HCIWEB.exe: 00001488: 05:46:04 [TUniServerModule]:Server First Init.
HCIWEB.exe: 00001488: 05:46:04 [TUniServerModule]:Global Cache Folder Erased. <19> Files deleted.
HCIWEB.exe: 00001488: 05:46:04 [TUniServerModule]:Starting HTTP Server on Port: 8077...
HCIWEB.exe: 00001488: 05:46:04 [TUniServerModule]:HTTP Server Started on Port: 8077
HCIWEB.exe: 00000EEC: 05:48:59 []:>--------------------------------------------------------------<
HCIWEB.exe: 00000EEC: 05:48:59 [TUniServerModule]:Server First Init.
HCIWEB.exe: 00000EEC: 05:48:59 [TUniServerModule]:Global Cache Folder Erased. <19> Files deleted.
HCIWEB.exe: 00000EEC: 05:48:59 [TUniServerModule]:Starting HTTP Server on Port: 8077...
HCIWEB.exe: 00000EEC: 05:48:59 [TUniServerModule]:HTTP Server Started on Port: 8077
HCIWEB.exe: 00001B8C: 05:50:51 []:>--------------------------------------------------------------<
HCIWEB.exe: 00001B8C: 05:50:51 [TUniServerModule]:Server First Init.
HCIWEB.exe: 00001B8C: 05:50:51 [TUniServerModule]:Global Cache Folder Erased. <19> Files deleted.
HCIWEB.exe: 00001B8C: 05:50:51 [TUniServerModule]:Starting HTTP Server on Port: 8077...
HCIWEB.exe: 00001B8C: 05:50:51 [TUniServerModule]:HTTP Server Started on Port: 8077
HCIWEB.exe: 0000292C: 05:54:17 []:>--------------------------------------------------------------<
HCIWEB.exe: 0000292C: 05:54:17 [TUniServerModule]:Server First Init.
HCIWEB.exe: 0000292C: 05:54:17 [TUniServerModule]:Global Cache Folder Erased. <17> Files deleted.
HCIWEB.exe: 0000292C: 05:54:17 [TUniServerModule]:Starting HTTP Server on Port: 8077...
HCIWEB.exe: 0000292C: 05:54:17 [TUniServerModule]:HTTP Server Started on Port: 8077
HCIWEB.exe: 000020E0: 05:56:49 []:>--------------------------------------------------------------<
HCIWEB.exe: 000020E0: 05:56:49 [TUniServerModule]:Server First Init.
HCIWEB.exe: 000020E0: 05:56:49 [TUniServerModule]:Global Cache Folder Erased. <19> Files deleted.
HCIWEB.exe: 000020E0: 05:56:49 [TUniServerModule]:Starting HTTP Server on Port: 8077...
HCIWEB.exe: 000020E0: 05:56:49 [TUniServerModule]:HTTP Server Started on Port: 8077
HCIWEB.exe: 000005A4: 07:38:35 []:>--------------------------------------------------------------<
HCIWEB.exe: 000005A4: 07:38:35 [TUniServerModule]:Server First Init.
HCIWEB.exe: 000005A4: 07:38:35 [TUniServerModule]:Global Cache Folder Erased. <13> Files deleted.
HCIWEB.exe: 000005A4: 07:38:38 [TUniServerModule]:Starting HTTP Server on Port: 8077...
HCIWEB.exe: 000005A4: 07:38:38 [TUniServerModule]:HTTP Server Started on Port: 8077
HCIWEB.exe: 00000980: 07:39:32 [127.0.0.1]:EAccessViolation : Access violation at address 0000000000BC91A8 in module 'HCIWEB.exe'. Read of address 0000000000000000 : Addr: $0000000000BC91A8
HCIWEB.exe: 00000638: 07:40:16 []:>--------------------------------------------------------------<
HCIWEB.exe: 00000638: 07:40:16 [TUniServerModule]:Server First Init.
HCIWEB.exe: 00000638: 07:40:16 [TUniServerModule]:Global Cache Folder Erased. <15> Files deleted.
HCIWEB.exe: 00000638: 07:40:17 [TUniServerModule]:Starting HTTP Server on Port: 8077...
HCIWEB.exe: 00000638: 07:40:17 [TUniServerModule]:HTTP Server Started on Port: 8077
HCIWEB.exe: 00002338: 07:41:32 [127.0.0.1]:EAccessViolation : Access violation at address 0000000000BC91A8 in module 'HCIWEB.exe'. Read of address 0000000000000000 : Addr: $0000000000BC91A8
HCIWEB.exe: 00000958: 07:42:35 []:>--------------------------------------------------------------<
HCIWEB.exe: 00000958: 07:42:35 [TUniServerModule]:Server First Init.
HCIWEB.exe: 00000958: 07:42:35 [TUniServerModule]:Global Cache Folder Erased. <15> Files deleted.
HCIWEB.exe: 00000958: 07:42:36 [TUniServerModule]:Starting HTTP Server on Port: 8077...
HCIWEB.exe: 00000958: 07:42:36 [TUniServerModule]:HTTP Server Started on Port: 8077
HCIWEB.exe: 000017E4: 07:43:22 [127.0.0.1]:EAccessViolation : Access violation at address 0000000000BC91A8 in module 'HCIWEB.exe'. Read of address 0000000000000000 : Addr: $0000000000BC91A8
HCIWEB.exe: 000017C4: 07:45:18 []:>--------------------------------------------------------------<
HCIWEB.exe: 000017C4: 07:45:18 [TUniServerModule]:Server First Init.
HCIWEB.exe: 000017C4: 07:45:18 [TUniServerModule]:Global Cache Folder Erased. <15> Files deleted.
HCIWEB.exe: 000017C4: 07:45:19 [TUniServerModule]:Starting HTTP Server on Port: 8077...
HCIWEB.exe: 000017C4: 07:45:19 [TUniServerModule]:HTTP Server Started on Port: 8077
HCIWEB.exe: 000008D8: 07:46:36 [127.0.0.1]:EAccessViolation : Access violation at address 0000000000BC91A8 in module 'HCIWEB.exe'. Read of address 0000000000000000 : Addr: $0000000000BC91A8
HCIWEB.exe: 000018F8: 07:47:41 []:>--------------------------------------------------------------<
HCIWEB.exe: 000018F8: 07:47:41 [TUniServerModule]:Server First Init.
HCIWEB.exe: 000018F8: 07:47:42 [TUniServerModule]:Global Cache Folder Erased. <19> Files deleted.
HCIWEB.exe: 000018F8: 07:47:43 [TUniServerModule]:Starting HTTP Server on Port: 8077...
HCIWEB.exe: 000018F8: 07:47:43 [TUniServerModule]:HTTP Server Started on Port: 8077
HCIWEB.exe: 000018F8: 08:48:18 [Exit]:Unexpected attempt to terminate server application with Exit Code: 0
HCIWEB.exe: 00002438: 09:27:53 []:>--------------------------------------------------------------<
HCIWEB.exe: 00002438: 09:27:53 [TUniServerModule]:Server First Init.
HCIWEB.exe: 00002438: 09:27:53 [TUniServerModule]:Global Cache Folder Erased. <20> Files deleted.
HCIWEB.exe: 00002438: 09:27:54 [TUniServerModule]:Starting HTTP Server on Port: 8077...
HCIWEB.exe: 00002438: 09:27:54 [TUniServerModule]:HTTP Server Started on Port: 8077
HCIWEB.exe: 0000273C: 09:36:24 []:>--------------------------------------------------------------<
HCIWEB.exe: 0000273C: 09:36:24 [TUniServerModule]:Server First Init.
HCIWEB.exe: 0000273C: 09:36:24 [TUniServerModule]:Global Cache Folder Erased. <20> Files deleted.
HCIWEB.exe: 0000273C: 09:36:25 [TUniServerModule]:Starting HTTP Server on Port: 8077...
HCIWEB.exe: 0000273C: 09:36:25 [TUniServerModule]:HTTP Server Started on Port: 8077
HCIWEB.exe: 00002A44: 09:37:45 []:>--------------------------------------------------------------<
HCIWEB.exe: 00002A44: 09:37:45 [TUniServerModule]:Server First Init.
HCIWEB.exe: 00002A44: 09:37:46 [TUniServerModule]:Global Cache Folder Erased. <1> Files deleted.
HCIWEB.exe: 00002A44: 09:37:46 [TUniServerModule]:Starting HTTP Server on Port: 8077...
HCIWEB.exe: 00002A44: 09:37:46 [TUniServerModule]:HTTP Server Started on Port: 8077
HCIWEB.exe: 000018C8: 14:36:51 []:>--------------------------------------------------------------<
HCIWEB.exe: 000018C8: 14:36:51 [TUniServerModule]:Server First Init.
HCIWEB.exe: 000018C8: 14:36:51 [TUniServerModule]:Global Cache Folder Erased. <17> Files deleted.
HCIWEB.exe: 000018C8: 14:36:51 [TUniServerModule]:Starting HTTP Server on Port: 8077...
HCIWEB.exe: 000018C8: 14:36:51 [TUniServerModule]:HTTP Server Started on Port: 8077
HCIWEB.exe: 00002B0C: 14:37:11 [127.0.0.1]:EUniSessionException : Sessão finalizada : Addr: $000000000095C82A
HCIWEB.exe: 00001724: 14:37:43 [127.0.0.1]:EAccessViolation : Access violation at address 0000000000BC7668 in module 'HCIWEB.exe'. Read of address 0000000000000000 : Addr: $0000000000BC7668
HCIWEB.exe: 000026A4: 14:39:07 []:>--------------------------------------------------------------<
HCIWEB.exe: 000026A4: 14:39:07 [TUniServerModule]:Server First Init.
HCIWEB.exe: 000026A4: 14:39:07 [TUniServerModule]:Global Cache Folder Erased. <18> Files deleted.
HCIWEB.exe: 000026A4: 14:39:07 [TUniServerModule]:Starting HTTP Server on Port: 8077...
HCIWEB.exe: 000026A4: 14:39:07 [TUniServerModule]:HTTP Server Started on Port: 8077
HCIWEB.exe: 000013FC: 14:41:08 []:>--------------------------------------------------------------<
HCIWEB.exe: 000013FC: 14:41:08 [TUniServerModule]:Server First Init.
HCIWEB.exe: 000013FC: 14:41:08 [TUniServerModule]:Debug Mode = ON
HCIWEB.exe: 000013FC: 14:41:08 [TUniServerModule]:Global Cache Folder Erased. <18> Files deleted.
HCIWEB.exe: 000013FC: 14:41:08 [TUniServerModule]:Starting HTTP Server on Port: 8077...
HCIWEB.exe: 000013FC: 14:41:08 [TUniServerModule]:HTTP Server Started on Port: 8077
HCIWEB.exe: 00000E78: 14:43:32 []:>--------------------------------------------------------------<
HCIWEB.exe: 00000E78: 14:43:32 [TUniServerModule]:Server First Init.
HCIWEB.exe: 00000E78: 14:43:32 [TUniServerModule]:Global Cache Folder Erased. <18> Files deleted.
HCIWEB.exe: 00000E78: 14:43:32 [TUniServerModule]:Starting HTTP Server on Port: 8077...
HCIWEB.exe: 00000E78: 14:43:32 [TUniServerModule]:HTTP Server Started on Port: 8077
HCIWEB.exe: 00002B0C: 14:51:17 []:>--------------------------------------------------------------<
HCIWEB.exe: 00002B0C: 14:51:17 [TUniServerModule]:Server First Init.
HCIWEB.exe: 00002B0C: 14:51:17 [TUniServerModule]:Global Cache Folder Erased. <18> Files deleted.
HCIWEB.exe: 00002B0C: 14:51:17 [TUniServerModule]:Starting HTTP Server on Port: 8077...
HCIWEB.exe: 00002B0C: 14:51:17 [TUniServerModule]:HTTP Server Started on Port: 8077
HCIWEB.exe: 00002050: 14:52:33 [127.0.0.1]:EUniSessionException : Sessão finalizada : Addr: $000000000095C82A
HCIWEB.exe: 00001548: 14:52:52 []:>--------------------------------------------------------------<
HCIWEB.exe: 00001548: 14:52:52 [TUniServerModule]:Server First Init.
HCIWEB.exe: 00001548: 14:52:52 [TUniServerModule]:Global Cache Folder Erased. <1> Files deleted.
HCIWEB.exe: 00001548: 14:52:53 [TUniServerModule]:Starting HTTP Server on Port: 8077...
HCIWEB.exe: 00001548: 14:52:53 [TUniServerModule]:HTTP Server Started on Port: 8077
HCIWEB.exe: 000029A0: 15:00:56 []:>--------------------------------------------------------------<
HCIWEB.exe: 000029A0: 15:00:56 [TUniServerModule]:Server First Init.
HCIWEB.exe: 000029A0: 15:00:56 [TUniServerModule]:Global Cache Folder Erased. <18> Files deleted.
HCIWEB.exe: 000029A0: 15:00:56 [TUniServerModule]:Starting HTTP Server on Port: 8077...
HCIWEB.exe: 000029A0: 15:00:56 [TUniServerModule]:HTTP Server Started on Port: 8077
HCIWEB.exe: 00000CBC: 15:03:20 []:>--------------------------------------------------------------<
HCIWEB.exe: 00000CBC: 15:03:20 [TUniServerModule]:Server First Init.
HCIWEB.exe: 00000CBC: 15:03:20 [TUniServerModule]:Debug Mode = ON
HCIWEB.exe: 00000CBC: 15:03:20 [TUniServerModule]:Global Cache Folder Erased. <18> Files deleted.
HCIWEB.exe: 00000CBC: 15:03:20 [TUniServerModule]:Starting HTTP Server on Port: 8077...
HCIWEB.exe: 00000CBC: 15:03:21 [TUniServerModule]:HTTP Server Started on Port: 8077
HCIWEB.exe: 0000277C: 15:11:08 []:>--------------------------------------------------------------<
HCIWEB.exe: 0000277C: 15:11:08 [TUniServerModule]:Server First Init.
HCIWEB.exe: 0000277C: 15:11:08 [TUniServerModule]:Global Cache Folder Erased. <16> Files deleted.
HCIWEB.exe: 0000277C: 15:11:09 [TUniServerModule]:Starting HTTP Server on Port: 8077...
HCIWEB.exe: 0000277C: 15:11:09 [TUniServerModule]:HTTP Server Started on Port: 8077
HCIWEB.exe: 00002B24: 15:12:11 [TUniSessionWorkerThread: Can not call this method from a different thread.Synchronous operations must be performed in uniGUI event handlers.-127.0.0.1]:Exception : TUniSessionWorkerThread: Can not call this method from a different thread.Synchronous operations must be performed in uniGUI event handlers. : Addr: $00000000009CD1C0
HCIWEB.exe: 00000610: 15:13:38 []:>--------------------------------------------------------------<
HCIWEB.exe: 00000610: 15:13:38 [TUniServerModule]:Server First Init.
HCIWEB.exe: 00000610: 15:13:38 [TUniServerModule]:Global Cache Folder Erased. <18> Files deleted.
HCIWEB.exe: 00000610: 15:13:38 [TUniServerModule]:Starting HTTP Server on Port: 8077...
HCIWEB.exe: 00000610: 15:13:38 [TUniServerModule]:HTTP Server Started on Port: 8077
HCIWEB.exe: 00002060: 15:19:34 []:>--------------------------------------------------------------<
HCIWEB.exe: 00002060: 15:19:34 [TUniServerModule]:Server First Init.
HCIWEB.exe: 00002060: 15:19:34 [TUniServerModule]:Global Cache Folder Erased. <18> Files deleted.
HCIWEB.exe: 00002060: 15:19:35 [TUniServerModule]:Starting HTTP Server on Port: 8077...
HCIWEB.exe: 00002060: 15:19:35 [TUniServerModule]:HTTP Server Started on Port: 8077
HCIWEB.exe: 0000174C: 15:21:54 []:>--------------------------------------------------------------<
HCIWEB.exe: 0000174C: 15:21:54 [TUniServerModule]:Server First Init.
HCIWEB.exe: 0000174C: 15:21:55 [TUniServerModule]:Debug Mode = ON
HCIWEB.exe: 0000174C: 15:21:55 [TUniServerModule]:Global Cache Folder Erased. <18> Files deleted.
HCIWEB.exe: 0000174C: 15:21:55 [TUniServerModule]:Starting HTTP Server on Port: 8077...
HCIWEB.exe: 0000174C: 15:21:55 [TUniServerModule]:HTTP Server Started on Port: 8077
