HCIWEB.exe: 000014AC: 14:05:34 []:>--------------------------------------------------------------<
HCIWEB.exe: 000014AC: 14:05:34 [TUniServerModule]:Server First Init.
HCIWEB.exe: 000014AC: 14:05:34 [TUniServerModule]:Starting HTTP Server on Port: 8077...
HCIWEB.exe: 000014AC: 14:05:34 [TUniServerModule]:HTTP Server Started on Port: 8077
HCIWEB.exe: 000041D4: 14:14:35 []:>--------------------------------------------------------------<
HCIWEB.exe: 000041D4: 14:14:35 [TUniServerModule]:Server First Init.
HCIWEB.exe: 000041D4: 14:14:35 [TUniServerModule]:Global Cache Folder Erased. <1> Files deleted.
HCIWEB.exe: 000041D4: 14:14:35 [TUniServerModule]:Starting HTTP Server on Port: 8077...
HCIWEB.exe: 000041D4: 14:14:35 [TUniServerModule]:HTTP Server Started on Port: 8077
HCIWEB.exe: 000082B8: 14:15:17 [HandleFileRequest[127.0.0.1]]:File not found: C:\Github\HCI WEB\Win64\Debug\.well-known\appspecific\com.chrome.devtools.json
HCIWEB.exe: 000061B4: 14:15:18 [HandleFileRequest[127.0.0.1]]:Access denied: C:\Github\HCI WEB\Win64\Debug\files\socket.io.js.map.
HCIWEB.exe: 0000676C: 14:15:18 [HandleFileRequest[127.0.0.1]]:Access denied: C:\Github\HCI WEB\Win64\Debug\files\js\chart.umd.js.map.
HCIWEB.exe: 0000676C: 14:16:24 [HandleFileRequest[127.0.0.1]]:File not found: C:\Github\HCI WEB\Win64\Debug\.well-known\appspecific\com.chrome.devtools.json
HCIWEB.exe: 000061B4: 14:16:24 [HandleFileRequest[127.0.0.1]]:Access denied: C:\Github\HCI WEB\Win64\Debug\files\socket.io.js.map.
HCIWEB.exe: 0000248C: 14:16:24 [HandleFileRequest[127.0.0.1]]:Access denied: C:\Github\HCI WEB\Win64\Debug\files\js\chart.umd.js.map.
HCIWEB.exe: 00003184: 15:19:19 []:>--------------------------------------------------------------<
HCIWEB.exe: 00003184: 15:19:19 [TUniServerModule]:Server First Init.
HCIWEB.exe: 00003184: 15:19:19 [TUniServerModule]:Global Cache Folder Erased. <12> Files deleted.
HCIWEB.exe: 00003184: 15:19:20 [TUniServerModule]:Starting HTTP Server on Port: 8077...
HCIWEB.exe: 00003184: 15:19:20 [InitWebServer]:EIdCouldNotBindSocket : Could not bind socket. Address and port are already in use. : Addr: $0000000000868987
HCIWEB.exe: 00003184: 15:19:27 [TUniServerModule]:Shutting Down Server.
HCIWEB.exe: 00003184: 15:19:27 [TUniServerModule]:Stopping HTTP Server.
HCIWEB.exe: 00003184: 15:19:28 [TUniServerModule]:HTTP Server Stopped.
HCIWEB.exe: 00003184: 15:19:28 [TUniGUISessionManager]:Terminating Session manager.
HCIWEB.exe: 00003184: 15:19:28 [TUniGUISessionManager]:Stopping Cache Eraser...
HCIWEB.exe: 00003184: 15:19:28 [TUniGUISessionManager]:Cache Eraser Stopped.
HCIWEB.exe: 00003184: 15:19:28 [TUniGUISessionManager]:Destroying Worker Threads.
HCIWEB.exe: 00003184: 15:19:28 [TUniGUISessionManager]:Session manager terminated.
HCIWEB.exe: 00003184: 15:19:28 [TUniServerModule]:Server Shutdown Completed.
HCIWEB.exe: 00003184: 15:19:28 []:<-------------------------------------------------------------->
HCIWEB.exe: 00003184: 15:19:28 [Terminated]:Exit Code: 0
HCIWEB.exe: 00000E4C: 15:19:57 []:>--------------------------------------------------------------<
HCIWEB.exe: 00000E4C: 15:19:57 [TUniServerModule]:Server First Init.
HCIWEB.exe: 00000E4C: 15:19:57 [TUniServerModule]:Starting HTTP Server on Port: 8077...
HCIWEB.exe: 00000E4C: 15:19:58 [TUniServerModule]:HTTP Server Started on Port: 8077
HCIWEB.exe: 00001E88: 15:20:25 [127.0.0.1]:Exception : Blocking method ShowMessage() can not be called here. : Addr: $00000000008FED69
HCIWEB.exe: 00000E4C: 15:28:52 [TUniServerModule]:Shutting Down Server.
HCIWEB.exe: 00000E4C: 15:28:52 [TUniServerModule]:Stopping HTTP Server.
HCIWEB.exe: 00000E4C: 15:28:53 [TUniServerModule]:HTTP Server Stopped.
HCIWEB.exe: 00000E4C: 15:28:53 [TUniGUISessionManager]:Terminating Session manager.
HCIWEB.exe: 00000E4C: 15:28:53 [TUniGUISessionManager]:Stopping Cache Eraser...
HCIWEB.exe: 00000E4C: 15:28:53 [TUniGUISessionManager]:Cache Eraser Stopped.
HCIWEB.exe: 00000E4C: 15:28:53 [TUniGUISessionManager]:Destroying Worker Threads.
HCIWEB.exe: 00000E4C: 15:28:53 [TUniGUISessionManager]:Session manager terminated.
HCIWEB.exe: 00000E4C: 15:28:53 [TUniServerModule]:Server Shutdown Completed.
HCIWEB.exe: 00000E4C: 15:28:53 []:<-------------------------------------------------------------->
HCIWEB.exe: 00000E4C: 15:28:53 [Terminated]:Exit Code: 0
HCIWEB.exe: 00002D6C: 15:29:12 []:>--------------------------------------------------------------<
HCIWEB.exe: 00002D6C: 15:29:12 [TUniServerModule]:Server First Init.
HCIWEB.exe: 00002D6C: 15:29:12 [TUniServerModule]:Debug Mode = ON
HCIWEB.exe: 00002D6C: 15:29:13 [TUniServerModule]:Starting HTTP Server on Port: 8077...
HCIWEB.exe: 00002D6C: 15:29:13 [TUniServerModule]:HTTP Server Started on Port: 8077
HCIWEB.exe: 00000670: 15:37:44 []:>--------------------------------------------------------------<
HCIWEB.exe: 00000670: 15:37:44 [TUniServerModule]:Server First Init.
HCIWEB.exe: 00000670: 15:37:44 [TUniServerModule]:Global Cache Folder Erased. <3> Files deleted.
HCIWEB.exe: 00000670: 15:37:44 [TUniServerModule]:Starting HTTP Server on Port: 8077...
HCIWEB.exe: 00000670: 15:37:44 [TUniServerModule]:HTTP Server Started on Port: 8077
HCIWEB.exe: 00000670: 15:38:08 [TUniServerModule]:Shutting Down Server.
HCIWEB.exe: 00000670: 15:38:08 [TUniServerModule]:Stopping HTTP Server.
HCIWEB.exe: 00000670: 15:38:08 [TUniServerModule]:HTTP Server Stopped.
HCIWEB.exe: 00000670: 15:38:08 [TUniGUISessionManager]:Terminating Session manager.
HCIWEB.exe: 00000670: 15:38:08 [TUniGUISessionManager]:Stopping Cache Eraser...
HCIWEB.exe: 00000670: 15:38:08 [TUniGUISessionManager]:Cache Eraser Stopped.
HCIWEB.exe: 00000670: 15:38:08 [TUniGUISessionManager]:Destroying Worker Threads.
HCIWEB.exe: 00000670: 15:38:08 [TUniGUISessionManager]:Session manager terminated.
HCIWEB.exe: 00000670: 15:38:08 [TUniServerModule]:Server Shutdown Completed.
HCIWEB.exe: 00000670: 15:38:08 []:<-------------------------------------------------------------->
HCIWEB.exe: 00000670: 15:38:08 [Terminated]:Exit Code: 0
HCIWEB.exe: 00002414: 15:38:21 []:>--------------------------------------------------------------<
HCIWEB.exe: 00002414: 15:38:21 [TUniServerModule]:Server First Init.
HCIWEB.exe: 00002414: 15:38:21 [TUniServerModule]:Debug Mode = ON
HCIWEB.exe: 00002414: 15:38:21 [TUniServerModule]:Starting HTTP Server on Port: 8077...
HCIWEB.exe: 00002414: 15:38:21 [TUniServerModule]:HTTP Server Started on Port: 8077
HCIWEB.exe: 00002C98: 15:56:36 []:>--------------------------------------------------------------<
HCIWEB.exe: 00002C98: 15:56:36 [TUniServerModule]:Server First Init.
HCIWEB.exe: 00002C98: 15:56:36 [TUniServerModule]:Global Cache Folder Erased. <6> Files deleted.
HCIWEB.exe: 00002C98: 15:56:36 [TUniServerModule]:Starting HTTP Server on Port: 8077...
HCIWEB.exe: 00002C98: 15:56:36 [TUniServerModule]:HTTP Server Started on Port: 8077
HCIWEB.exe: 00002FF4: 15:56:46 [127.0.0.1]:EUniSessionException : Sessão finalizada : Addr: $000000000095C5DA
HCIWEB.exe: 00002FF4: 15:56:46 [127.0.0.1]:EUniSessionException : Sessão finalizada : Addr: $000000000095C5DA
HCIWEB.exe: 00002FF4: 15:56:46 [127.0.0.1]:EUniSessionException : Sessão finalizada : Addr: $000000000095C5DA
HCIWEB.exe: 00002FF4: 15:56:47 [127.0.0.1]:EUniSessionException : Sessão finalizada : Addr: $000000000095C5DA
HCIWEB.exe: 000031A8: 15:56:47 [127.0.0.1]:EUniSessionException : Sessão finalizada : Addr: $000000000095C5DA
HCIWEB.exe: 00000B18: 15:56:47 [127.0.0.1]:EUniSessionException : Sessão finalizada : Addr: $000000000095C5DA
HCIWEB.exe: 000031A8: 15:56:47 [127.0.0.1]:EUniSessionException : Sessão finalizada : Addr: $000000000095C5DA
HCIWEB.exe: 00002FF4: 15:56:47 [127.0.0.1]:EUniSessionException : Sessão finalizada : Addr: $000000000095C5DA
HCIWEB.exe: 00000B18: 15:56:47 [127.0.0.1]:EUniSessionException : Sessão finalizada : Addr: $000000000095C5DA
